[2018-09-10 07:11:58] local.ERROR: InvalidArgumentException: The "/mnt/sda6/laravel/shopping/storage/framework/sessions" directory does not exist. in /mnt/sda6/laravel/shopping/vendor/symfony/finder/Finder.php:546
Stack trace:
#0 /mnt/sda6/laravel/shopping/vendor/laravel/framework/src/Illuminate/Session/FileSessionHandler.php(104): Symfony\Component\Finder\Finder->in('/mnt/sda6/larav...')
#1 /mnt/sda6/laravel/shopping/vendor/laravel/framework/src/Illuminate/Session/Middleware/StartSession.php(152): Illuminate\Session\FileSessionHandler->gc(7200)
#2 /mnt/sda6/laravel/shopping/vendor/laravel/framework/src/Illuminate/Session/Middleware/StartSession.php(61): Illuminate\Session\Middleware\StartSession->collectGarbage(Object(Illuminate\Session\Store))
#3 /mnt/sda6/laravel/shopping/vendor/laravel/framework/src/Illuminate/Pipeline/Pipeline.php(137): Illuminate\Session\Middleware\StartSession->handle(Object(Illuminate\Http\Request), Object(Closure))
#4 /mnt/sda6/laravel/shopping/vendor/laravel/framework/src/Illuminate/Routing/Pipeline.php(33): Illuminate\Pipeline\Pipeline->Illuminate\Pipeline\{closure}(Object(Illuminate\Http\Request))
#5 /mnt/sda6/laravel/shopping/vendor/laravel/framework/src/Illuminate/Cookie/Middleware/AddQueuedCookiesToResponse.php(37): Illuminate\Routing\Pipeline->Illuminate\Routing\{closure}(Object(Illuminate\Http\Request))
#6 /mnt/sda6/laravel/shopping/vendor/laravel/framework/src/Illuminate/Pipeline/Pipeline.php(137): Illuminate\Cookie\Middleware\AddQueuedCookiesToResponse->handle(Object(Illuminate\Http\Request), Object(Closure))
#7 /mnt/sda6/laravel/shopping/vendor/laravel/framework/src/Illuminate/Routing/Pipeline.php(33): Illuminate\Pipeline\Pipeline->Illuminate\Pipeline\{closure}(Object(Illuminate\Http\Request))
#8 /mnt/sda6/laravel/shopping/vendor/laravel/framework/src/Illuminate/Cookie/Middleware/EncryptCookies.php(59): Illuminate\Routing\Pipeline->Illuminate\Routing\{closure}(Object(Illuminate\Http\Request))
#9 /mnt/sda6/laravel/shopping/vendor/laravel/framework/src/Illuminate/Pipeline/Pipeline.php(137): Illuminate\Cookie\Middleware\EncryptCookies->handle(Object(Illuminate\Http\Request), Object(Closure))
#10 /mnt/sda6/laravel/shopping/vendor/laravel/framework/src/Illuminate/Routing/Pipeline.php(33): Illuminate\Pipeline\Pipeline->Illuminate\Pipeline\{closure}(Object(Illuminate\Http\Request))
#11 /mnt/sda6/laravel/shopping/vendor/laravel/framework/src/Illuminate/Pipeline/Pipeline.php(104): Illuminate\Routing\Pipeline->Illuminate\Routing\{closure}(Object(Illuminate\Http\Request))
#12 /mnt/sda6/laravel/shopping/vendor/laravel/framework/src/Illuminate/Routing/Router.php(655): Illuminate\Pipeline\Pipeline->then(Object(Closure))
#13 /mnt/sda6/laravel/shopping/vendor/laravel/framework/src/Illuminate/Routing/Router.php(629): Illuminate\Routing\Router->runRouteWithinStack(Object(Illuminate\Routing\Route), Object(Illuminate\Http\Request))
#14 /mnt/sda6/laravel/shopping/vendor/laravel/framework/src/Illuminate/Routing/Router.php(607): Illuminate\Routing\Router->dispatchToRoute(Object(Illuminate\Http\Request))
#15 /mnt/sda6/laravel/shopping/vendor/laravel/framework/src/Illuminate/Foundation/Http/Kernel.php(268): Illuminate\Routing\Router->dispatch(Object(Illuminate\Http\Request))
#16 /mnt/sda6/laravel/shopping/vendor/laravel/framework/src/Illuminate/Routing/Pipeline.php(53): Illuminate\Foundation\Http\Kernel->Illuminate\Foundation\Http\{closure}(Object(Illuminate\Http\Request))
#17 /mnt/sda6/laravel/shopping/vendor/laravel/framework/src/Illuminate/Foundation/Http/Middleware/CheckForMaintenanceMode.php(46): Illuminate\Routing\Pipeline->Illuminate\Routing\{closure}(Object(Illuminate\Http\Request))
#18 /mnt/sda6/laravel/shopping/vendor/laravel/framework/src/Illuminate/Pipeline/Pipeline.php(137): Illuminate\Foundation\Http\Middleware\CheckForMaintenanceMode->handle(Object(Illuminate\Http\Request), Object(Closure))
#19 /mnt/sda6/laravel/shopping/vendor/laravel/framework/src/Illuminate/Routing/Pipeline.php(33): Illuminate\Pipeline\Pipeline->Illuminate\Pipeline\{closure}(Object(Illuminate\Http\Request))
#20 /mnt/sda6/laravel/shopping/vendor/laravel/framework/src/Illuminate/Pipeline/Pipeline.php(104): Illuminate\Routing\Pipeline->Illuminate\Routing\{closure}(Object(Illuminate\Http\Request))
#21 /mnt/sda6/laravel/shopping/vendor/laravel/framework/src/Illuminate/Foundation/Http/Kernel.php(150): Illuminate\Pipeline\Pipeline->then(Object(Closure))
#22 /mnt/sda6/laravel/shopping/vendor/laravel/framework/src/Illuminate/Foundation/Http/Kernel.php(117): Illuminate\Foundation\Http\Kernel->sendRequestThroughRouter(Object(Illuminate\Http\Request))
#23 /mnt/sda6/laravel/shopping/public/index.php(51): Illuminate\Foundation\Http\Kernel->handle(Object(Illuminate\Http\Request))
#24 /mnt/sda6/laravel/shopping/server.php(19): require_once('/mnt/sda6/larav...')
#25 {main}  
[2018-09-10 07:11:58] local.ERROR: ErrorException: file_put_contents(/mnt/sda6/laravel/shopping/storage/framework/sessions/plzKSQ3qm3RkaWyQXaicUlxceSLdvacySiD2XqNL): failed to open stream: No such file or directory in /mnt/sda6/laravel/shopping/vendor/laravel/framework/src/Illuminate/Filesystem/Filesystem.php:111
Stack trace:
#0 [internal function]: Illuminate\Foundation\Bootstrap\HandleExceptions->handleError(2, 'file_put_conten...', '/mnt/sda6/larav...', 111, Array)
#1 /mnt/sda6/laravel/shopping/vendor/laravel/framework/src/Illuminate/Filesystem/Filesystem.php(111): file_put_contents('/mnt/sda6/larav...', 'a:3:{s:6:"_toke...', 2)
#2 /mnt/sda6/laravel/shopping/vendor/laravel/framework/src/Illuminate/Session/FileSessionHandler.php(83): Illuminate\Filesystem\Filesystem->put('/mnt/sda6/larav...', 'a:3:{s:6:"_toke...', true)
#3 /mnt/sda6/laravel/shopping/vendor/laravel/framework/src/Illuminate/Session/Store.php(263): Illuminate\Session\FileSessionHandler->write('plzKSQ3qm3RkaWy...', 'a:3:{s:6:"_toke...')
#4 /mnt/sda6/laravel/shopping/vendor/laravel/framework/src/Illuminate/Session/Middleware/StartSession.php(88): Illuminate\Session\Store->save()
#5 /mnt/sda6/laravel/shopping/vendor/laravel/framework/src/Illuminate/Foundation/Http/Kernel.php(177): Illuminate\Session\Middleware\StartSession->terminate(Object(Illuminate\Http\Request), Object(Illuminate\Http\Response))
#6 /mnt/sda6/laravel/shopping/public/index.php(56): Illuminate\Foundation\Http\Kernel->terminate(Object(Illuminate\Http\Request), Object(Illuminate\Http\Response))
#7 /mnt/sda6/laravel/shopping/server.php(19): require_once('/mnt/sda6/larav...')
#8 {main}  
[2018-09-10 07:13:41] local.ERROR: ErrorException: count(): Parameter must be an array or an object that implements Countable in /mnt/sda6/laravel/shopping/vendor/laravel/framework/src/Illuminate/Database/Eloquent/Builder.php:1231
Stack trace:
#0 [internal function]: Illuminate\Foundation\Bootstrap\HandleExceptions->handleError(2, 'count(): Parame...', '/mnt/sda6/larav...', 1231, Array)
#1 /mnt/sda6/laravel/shopping/vendor/laravel/framework/src/Illuminate/Database/Eloquent/Builder.php(1231): count(NULL)
#2 /mnt/sda6/laravel/shopping/vendor/laravel/framework/src/Illuminate/Database/Eloquent/Builder.php(1262): Illuminate\Database\Eloquent\Builder->callScope(Object(Closure))
#3 /mnt/sda6/laravel/shopping/vendor/laravel/framework/src/Illuminate/Database/Eloquent/Builder.php(1363): Illuminate\Database\Eloquent\Builder->applyScopes()
#4 /mnt/sda6/laravel/shopping/vendor/laravel/framework/src/Illuminate/Database/Eloquent/Builder.php(498): Illuminate\Database\Eloquent\Builder->toBase()
#5 /mnt/sda6/laravel/shopping/vendor/laravel/framework/src/Illuminate/Database/Eloquent/Model.php(3561): Illuminate\Database\Eloquent\Builder->paginate(9, Array)
#6 /mnt/sda6/laravel/shopping/vendor/lavalite/framework/src/Litepie/Repository/Eloquent/BaseRepository.php(277): Illuminate\Database\Eloquent\Model->__call('paginate', Array)
#7 /mnt/sda6/laravel/shopping/packages/Product/src/Laracart/Product/Http/Controllers/ProductPublicController.php(44): Litepie\Repository\Eloquent\BaseRepository->paginate(9)
#8 [internal function]: Laracart\Product\Http\Controllers\ProductPublicController->index(Object(Illuminate\Http\Request))
#9 /mnt/sda6/laravel/shopping/vendor/laravel/framework/src/Illuminate/Routing/Controller.php(55): call_user_func_array(Array, Array)
#10 /mnt/sda6/laravel/shopping/vendor/laravel/framework/src/Illuminate/Routing/ControllerDispatcher.php(44): Illuminate\Routing\Controller->callAction('index', Array)
#11 /mnt/sda6/laravel/shopping/vendor/laravel/framework/src/Illuminate/Routing/Route.php(189): Illuminate\Routing\ControllerDispatcher->dispatch(Object(Illuminate\Routing\Route), Object(Laracart\Product\Http\Controllers\ProductPublicController), 'index')
#12 /mnt/sda6/laravel/shopping/vendor/laravel/framework/src/Illuminate/Routing/Route.php(144): Illuminate\Routing\Route->runController()
#13 /mnt/sda6/laravel/shopping/vendor/laravel/framework/src/Illuminate/Routing/Router.php(653): Illuminate\Routing\Route->run(Object(Illuminate\Http\Request))
#14 /mnt/sda6/laravel/shopping/vendor/laravel/framework/src/Illuminate/Routing/Pipeline.php(53): Illuminate\Routing\Router->Illuminate\Routing\{closure}(Object(Illuminate\Http\Request))
#15 /mnt/sda6/laravel/shopping/vendor/laravel/framework/src/Illuminate/Routing/Middleware/SubstituteBindings.php(41): Illuminate\Routing\Pipeline->Illuminate\Routing\{closure}(Object(Illuminate\Http\Request))
#16 /mnt/sda6/laravel/shopping/vendor/laravel/framework/src/Illuminate/Pipeline/Pipeline.php(137): Illuminate\Routing\Middleware\SubstituteBindings->handle(Object(Illuminate\Http\Request), Object(Closure))
#17 /mnt/sda6/laravel/shopping/vendor/laravel/framework/src/Illuminate/Routing/Pipeline.php(33): Illuminate\Pipeline\Pipeline->Illuminate\Pipeline\{closure}(Object(Illuminate\Http\Request))
#18 /mnt/sda6/laravel/shopping/vendor/laravel/framework/src/Illuminate/Foundation/Http/Middleware/VerifyCsrfToken.php(65): Illuminate\Routing\Pipeline->Illuminate\Routing\{closure}(Object(Illuminate\Http\Request))
#19 /mnt/sda6/laravel/shopping/vendor/laravel/framework/src/Illuminate/Pipeline/Pipeline.php(137): Illuminate\Foundation\Http\Middleware\VerifyCsrfToken->handle(Object(Illuminate\Http\Request), Object(Closure))
#20 /mnt/sda6/laravel/shopping/vendor/laravel/framework/src/Illuminate/Routing/Pipeline.php(33): Illuminate\Pipeline\Pipeline->Illuminate\Pipeline\{closure}(Object(Illuminate\Http\Request))
#21 /mnt/sda6/laravel/shopping/vendor/laravel/framework/src/Illuminate/View/Middleware/ShareErrorsFromSession.php(49): Illuminate\Routing\Pipeline->Illuminate\Routing\{closure}(Object(Illuminate\Http\Request))
#22 /mnt/sda6/laravel/shopping/vendor/laravel/framework/src/Illuminate/Pipeline/Pipeline.php(137): Illuminate\View\Middleware\ShareErrorsFromSession->handle(Object(Illuminate\Http\Request), Object(Closure))
#23 /mnt/sda6/laravel/shopping/vendor/laravel/framework/src/Illuminate/Routing/Pipeline.php(33): Illuminate\Pipeline\Pipeline->Illuminate\Pipeline\{closure}(Object(Illuminate\Http\Request))
#24 /mnt/sda6/laravel/shopping/vendor/laravel/framework/src/Illuminate/Session/Middleware/StartSession.php(64): Illuminate\Routing\Pipeline->Illuminate\Routing\{closure}(Object(Illuminate\Http\Request))
#25 /mnt/sda6/laravel/shopping/vendor/laravel/framework/src/Illuminate/Pipeline/Pipeline.php(137): Illuminate\Session\Middleware\StartSession->handle(Object(Illuminate\Http\Request), Object(Closure))
#26 /mnt/sda6/laravel/shopping/vendor/laravel/framework/src/Illuminate/Routing/Pipeline.php(33): Illuminate\Pipeline\Pipeline->Illuminate\Pipeline\{closure}(Object(Illuminate\Http\Request))
#27 /mnt/sda6/laravel/shopping/vendor/laravel/framework/src/Illuminate/Cookie/Middleware/AddQueuedCookiesToResponse.php(37): Illuminate\Routing\Pipeline->Illuminate\Routing\{closure}(Object(Illuminate\Http\Request))
#28 /mnt/sda6/laravel/shopping/vendor/laravel/framework/src/Illuminate/Pipeline/Pipeline.php(137): Illuminate\Cookie\Middleware\AddQueuedCookiesToResponse->handle(Object(Illuminate\Http\Request), Object(Closure))
#29 /mnt/sda6/laravel/shopping/vendor/laravel/framework/src/Illuminate/Routing/Pipeline.php(33): Illuminate\Pipeline\Pipeline->Illuminate\Pipeline\{closure}(Object(Illuminate\Http\Request))
#30 /mnt/sda6/laravel/shopping/vendor/laravel/framework/src/Illuminate/Cookie/Middleware/EncryptCookies.php(59): Illuminate\Routing\Pipeline->Illuminate\Routing\{closure}(Object(Illuminate\Http\Request))
#31 /mnt/sda6/laravel/shopping/vendor/laravel/framework/src/Illuminate/Pipeline/Pipeline.php(137): Illuminate\Cookie\Middleware\EncryptCookies->handle(Object(Illuminate\Http\Request), Object(Closure))
#32 /mnt/sda6/laravel/shopping/vendor/laravel/framework/src/Illuminate/Routing/Pipeline.php(33): Illuminate\Pipeline\Pipeline->Illuminate\Pipeline\{closure}(Object(Illuminate\Http\Request))
#33 /mnt/sda6/laravel/shopping/vendor/laravel/framework/src/Illuminate/Pipeline/Pipeline.php(104): Illuminate\Routing\Pipeline->Illuminate\Routing\{closure}(Object(Illuminate\Http\Request))
#34 /mnt/sda6/laravel/shopping/vendor/laravel/framework/src/Illuminate/Routing/Router.php(655): Illuminate\Pipeline\Pipeline->then(Object(Closure))
#35 /mnt/sda6/laravel/shopping/vendor/laravel/framework/src/Illuminate/Routing/Router.php(629): Illuminate\Routing\Router->runRouteWithinStack(Object(Illuminate\Routing\Route), Object(Illuminate\Http\Request))
#36 /mnt/sda6/laravel/shopping/vendor/laravel/framework/src/Illuminate/Routing/Router.php(607): Illuminate\Routing\Router->dispatchToRoute(Object(Illuminate\Http\Request))
#37 /mnt/sda6/laravel/shopping/vendor/laravel/framework/src/Illuminate/Foundation/Http/Kernel.php(268): Illuminate\Routing\Router->dispatch(Object(Illuminate\Http\Request))
#38 /mnt/sda6/laravel/shopping/vendor/laravel/framework/src/Illuminate/Routing/Pipeline.php(53): Illuminate\Foundation\Http\Kernel->Illuminate\Foundation\Http\{closure}(Object(Illuminate\Http\Request))
#39 /mnt/sda6/laravel/shopping/vendor/laravel/framework/src/Illuminate/Foundation/Http/Middleware/CheckForMaintenanceMode.php(46): Illuminate\Routing\Pipeline->Illuminate\Routing\{closure}(Object(Illuminate\Http\Request))
#40 /mnt/sda6/laravel/shopping/vendor/laravel/framework/src/Illuminate/Pipeline/Pipeline.php(137): Illuminate\Foundation\Http\Middleware\CheckForMaintenanceMode->handle(Object(Illuminate\Http\Request), Object(Closure))
#41 /mnt/sda6/laravel/shopping/vendor/laravel/framework/src/Illuminate/Routing/Pipeline.php(33): Illuminate\Pipeline\Pipeline->Illuminate\Pipeline\{closure}(Object(Illuminate\Http\Request))
#42 /mnt/sda6/laravel/shopping/vendor/laravel/framework/src/Illuminate/Pipeline/Pipeline.php(104): Illuminate\Routing\Pipeline->Illuminate\Routing\{closure}(Object(Illuminate\Http\Request))
#43 /mnt/sda6/laravel/shopping/vendor/laravel/framework/src/Illuminate/Foundation/Http/Kernel.php(150): Illuminate\Pipeline\Pipeline->then(Object(Closure))
#44 /mnt/sda6/laravel/shopping/vendor/laravel/framework/src/Illuminate/Foundation/Http/Kernel.php(117): Illuminate\Foundation\Http\Kernel->sendRequestThroughRouter(Object(Illuminate\Http\Request))
#45 /mnt/sda6/laravel/shopping/public/index.php(51): Illuminate\Foundation\Http\Kernel->handle(Object(Illuminate\Http\Request))
#46 /mnt/sda6/laravel/shopping/server.php(19): require_once('/mnt/sda6/larav...')
#47 {main}  
[2018-09-10 07:14:36] local.ERROR: PDOException: SQLSTATE[42S22]: Column not found: 1054 Unknown column 'category' in 'where clause' in /mnt/sda6/laravel/shopping/vendor/laravel/framework/src/Illuminate/Database/Connection.php:333
Stack trace:
#0 /mnt/sda6/laravel/shopping/vendor/laravel/framework/src/Illuminate/Database/Connection.php(333): PDO->prepare('select * from `...')
#1 /mnt/sda6/laravel/shopping/vendor/laravel/framework/src/Illuminate/Database/Connection.php(763): Illuminate\Database\Connection->Illuminate\Database\{closure}(Object(Illuminate\Database\MySqlConnection), 'select * from `...', Array)
#2 /mnt/sda6/laravel/shopping/vendor/laravel/framework/src/Illuminate/Database/Connection.php(726): Illuminate\Database\Connection->runQueryCallback('select * from `...', Array, Object(Closure))
#3 /mnt/sda6/laravel/shopping/vendor/laravel/framework/src/Illuminate/Database/Connection.php(351): Illuminate\Database\Connection->run('select * from `...', Array, Object(Closure))
#4 /mnt/sda6/laravel/shopping/vendor/laravel/framework/src/Illuminate/Database/Query/Builder.php(1648): Illuminate\Database\Connection->select('select * from `...', Array, true)
#5 /mnt/sda6/laravel/shopping/vendor/laravel/framework/src/Illuminate/Database/Query/Builder.php(1634): Illuminate\Database\Query\Builder->runSelect()
#6 /mnt/sda6/laravel/shopping/vendor/laravel/framework/src/Illuminate/Database/Eloquent/Builder.php(638): Illuminate\Database\Query\Builder->get(Array)
#7 /mnt/sda6/laravel/shopping/vendor/laravel/framework/src/Illuminate/Database/Eloquent/Builder.php(327): Illuminate\Database\Eloquent\Builder->getModels(Array)
#8 /mnt/sda6/laravel/shopping/vendor/lavalite/framework/src/Litepie/Repository/Eloquent/BaseRepository.php(237): Illuminate\Database\Eloquent\Builder->get(Array)
#9 /mnt/sda6/laravel/shopping/packages/Block/Block.php(46): Litepie\Repository\Eloquent\BaseRepository->all()
#10 /mnt/sda6/laravel/shopping/vendor/laravel/framework/src/Illuminate/Support/Facades/Facade.php(237): Litepie\Block\Block->get()
#11 /mnt/sda6/laravel/shopping/storage/framework/views/0b20d614818fafc09e6dd41959913843225a3f73.php(20): Illuminate\Support\Facades\Facade::__callStatic('get', Array)
#12 /mnt/sda6/laravel/shopping/vendor/laravel/framework/src/Illuminate/View/Engines/PhpEngine.php(42): include('/mnt/sda6/larav...')
#13 /mnt/sda6/laravel/shopping/vendor/laravel/framework/src/Illuminate/View/Engines/CompilerEngine.php(59): Illuminate\View\Engines\PhpEngine->evaluatePath('/mnt/sda6/larav...', Array)
#14 /mnt/sda6/laravel/shopping/vendor/laravel/framework/src/Illuminate/View/View.php(149): Illuminate\View\Engines\CompilerEngine->get('/mnt/sda6/larav...', Array)
#15 /mnt/sda6/laravel/shopping/vendor/laravel/framework/src/Illuminate/View/View.php(120): Illuminate\View\View->getContents()
#16 /mnt/sda6/laravel/shopping/vendor/laravel/framework/src/Illuminate/View/View.php(85): Illuminate\View\View->renderContents()
#17 /mnt/sda6/laravel/shopping/vendor/lavalite/framework/src/Litepie/Theme/Theme.php(950): Illuminate\View\View->render()
#18 /mnt/sda6/laravel/shopping/vendor/lavalite/framework/src/Litepie/Page/Http/Controllers/PagePublicController.php(48): Litepie\Theme\Theme->of('page::public.pa...', Array)
#19 [internal function]: Litepie\Page\Http\Controllers\PagePublicController->getPage('about-us')
#20 /mnt/sda6/laravel/shopping/vendor/laravel/framework/src/Illuminate/Routing/Controller.php(55): call_user_func_array(Array, Array)
#21 /mnt/sda6/laravel/shopping/vendor/laravel/framework/src/Illuminate/Routing/ControllerDispatcher.php(44): Illuminate\Routing\Controller->callAction('getPage', Array)
#22 /mnt/sda6/laravel/shopping/vendor/laravel/framework/src/Illuminate/Routing/Route.php(189): Illuminate\Routing\ControllerDispatcher->dispatch(Object(Illuminate\Routing\Route), Object(Litepie\Page\Http\Controllers\PagePublicController), 'getPage')
#23 /mnt/sda6/laravel/shopping/vendor/laravel/framework/src/Illuminate/Routing/Route.php(144): Illuminate\Routing\Route->runController()
#24 /mnt/sda6/laravel/shopping/vendor/laravel/framework/src/Illuminate/Routing/Router.php(653): Illuminate\Routing\Route->run(Object(Illuminate\Http\Request))
#25 /mnt/sda6/laravel/shopping/vendor/laravel/framework/src/Illuminate/Routing/Pipeline.php(53): Illuminate\Routing\Router->Illuminate\Routing\{closure}(Object(Illuminate\Http\Request))
#26 /mnt/sda6/laravel/shopping/vendor/laravel/framework/src/Illuminate/Routing/Middleware/SubstituteBindings.php(41): Illuminate\Routing\Pipeline->Illuminate\Routing\{closure}(Object(Illuminate\Http\Request))
#27 /mnt/sda6/laravel/shopping/vendor/laravel/framework/src/Illuminate/Pipeline/Pipeline.php(137): Illuminate\Routing\Middleware\SubstituteBindings->handle(Object(Illuminate\Http\Request), Object(Closure))
#28 /mnt/sda6/laravel/shopping/vendor/laravel/framework/src/Illuminate/Routing/Pipeline.php(33): Illuminate\Pipeline\Pipeline->Illuminate\Pipeline\{closure}(Object(Illuminate\Http\Request))
#29 /mnt/sda6/laravel/shopping/vendor/laravel/framework/src/Illuminate/Foundation/Http/Middleware/VerifyCsrfToken.php(65): Illuminate\Routing\Pipeline->Illuminate\Routing\{closure}(Object(Illuminate\Http\Request))
#30 /mnt/sda6/laravel/shopping/vendor/laravel/framework/src/Illuminate/Pipeline/Pipeline.php(137): Illuminate\Foundation\Http\Middleware\VerifyCsrfToken->handle(Object(Illuminate\Http\Request), Object(Closure))
#31 /mnt/sda6/laravel/shopping/vendor/laravel/framework/src/Illuminate/Routing/Pipeline.php(33): Illuminate\Pipeline\Pipeline->Illuminate\Pipeline\{closure}(Object(Illuminate\Http\Request))
#32 /mnt/sda6/laravel/shopping/vendor/laravel/framework/src/Illuminate/View/Middleware/ShareErrorsFromSession.php(49): Illuminate\Routing\Pipeline->Illuminate\Routing\{closure}(Object(Illuminate\Http\Request))
#33 /mnt/sda6/laravel/shopping/vendor/laravel/framework/src/Illuminate/Pipeline/Pipeline.php(137): Illuminate\View\Middleware\ShareErrorsFromSession->handle(Object(Illuminate\Http\Request), Object(Closure))
#34 /mnt/sda6/laravel/shopping/vendor/laravel/framework/src/Illuminate/Routing/Pipeline.php(33): Illuminate\Pipeline\Pipeline->Illuminate\Pipeline\{closure}(Object(Illuminate\Http\Request))
#35 /mnt/sda6/laravel/shopping/vendor/laravel/framework/src/Illuminate/Session/Middleware/StartSession.php(64): Illuminate\Routing\Pipeline->Illuminate\Routing\{closure}(Object(Illuminate\Http\Request))
#36 /mnt/sda6/laravel/shopping/vendor/laravel/framework/src/Illuminate/Pipeline/Pipeline.php(137): Illuminate\Session\Middleware\StartSession->handle(Object(Illuminate\Http\Request), Object(Closure))
#37 /mnt/sda6/laravel/shopping/vendor/laravel/framework/src/Illuminate/Routing/Pipeline.php(33): Illuminate\Pipeline\Pipeline->Illuminate\Pipeline\{closure}(Object(Illuminate\Http\Request))
#38 /mnt/sda6/laravel/shopping/vendor/laravel/framework/src/Illuminate/Cookie/Middleware/AddQueuedCookiesToResponse.php(37): Illuminate\Routing\Pipeline->Illuminate\Routing\{closure}(Object(Illuminate\Http\Request))
#39 /mnt/sda6/laravel/shopping/vendor/laravel/framework/src/Illuminate/Pipeline/Pipeline.php(137): Illuminate\Cookie\Middleware\AddQueuedCookiesToResponse->handle(Object(Illuminate\Http\Request), Object(Closure))
#40 /mnt/sda6/laravel/shopping/vendor/laravel/framework/src/Illuminate/Routing/Pipeline.php(33): Illuminate\Pipeline\Pipeline->Illuminate\Pipeline\{closure}(Object(Illuminate\Http\Request))
#41 /mnt/sda6/laravel/shopping/vendor/laravel/framework/src/Illuminate/Cookie/Middleware/EncryptCookies.php(59): Illuminate\Routing\Pipeline->Illuminate\Routing\{closure}(Object(Illuminate\Http\Request))
#42 /mnt/sda6/laravel/shopping/vendor/laravel/framework/src/Illuminate/Pipeline/Pipeline.php(137): Illuminate\Cookie\Middleware\EncryptCookies->handle(Object(Illuminate\Http\Request), Object(Closure))
#43 /mnt/sda6/laravel/shopping/vendor/laravel/framework/src/Illuminate/Routing/Pipeline.php(33): Illuminate\Pipeline\Pipeline->Illuminate\Pipeline\{closure}(Object(Illuminate\Http\Request))
#44 /mnt/sda6/laravel/shopping/vendor/laravel/framework/src/Illuminate/Pipeline/Pipeline.php(104): Illuminate\Routing\Pipeline->Illuminate\Routing\{closure}(Object(Illuminate\Http\Request))
#45 /mnt/sda6/laravel/shopping/vendor/laravel/framework/src/Illuminate/Routing/Router.php(655): Illuminate\Pipeline\Pipeline->then(Object(Closure))
#46 /mnt/sda6/laravel/shopping/vendor/laravel/framework/src/Illuminate/Routing/Router.php(629): Illuminate\Routing\Router->runRouteWithinStack(Object(Illuminate\Routing\Route), Object(Illuminate\Http\Request))
#47 /mnt/sda6/laravel/shopping/vendor/laravel/framework/src/Illuminate/Routing/Router.php(607): Illuminate\Routing\Router->dispatchToRoute(Object(Illuminate\Http\Request))
#48 /mnt/sda6/laravel/shopping/vendor/laravel/framework/src/Illuminate/Foundation/Http/Kernel.php(268): Illuminate\Routing\Router->dispatch(Object(Illuminate\Http\Request))
#49 /mnt/sda6/laravel/shopping/vendor/laravel/framework/src/Illuminate/Routing/Pipeline.php(53): Illuminate\Foundation\Http\Kernel->Illuminate\Foundation\Http\{closure}(Object(Illuminate\Http\Request))
#50 /mnt/sda6/laravel/shopping/vendor/laravel/framework/src/Illuminate/Foundation/Http/Middleware/CheckForMaintenanceMode.php(46): Illuminate\Routing\Pipeline->Illuminate\Routing\{closure}(Object(Illuminate\Http\Request))
#51 /mnt/sda6/laravel/shopping/vendor/laravel/framework/src/Illuminate/Pipeline/Pipeline.php(137): Illuminate\Foundation\Http\Middleware\CheckForMaintenanceMode->handle(Object(Illuminate\Http\Request), Object(Closure))
#52 /mnt/sda6/laravel/shopping/vendor/laravel/framework/src/Illuminate/Routing/Pipeline.php(33): Illuminate\Pipeline\Pipeline->Illuminate\Pipeline\{closure}(Object(Illuminate\Http\Request))
#53 /mnt/sda6/laravel/shopping/vendor/laravel/framework/src/Illuminate/Pipeline/Pipeline.php(104): Illuminate\Routing\Pipeline->Illuminate\Routing\{closure}(Object(Illuminate\Http\Request))
#54 /mnt/sda6/laravel/shopping/vendor/laravel/framework/src/Illuminate/Foundation/Http/Kernel.php(150): Illuminate\Pipeline\Pipeline->then(Object(Closure))
#55 /mnt/sda6/laravel/shopping/vendor/laravel/framework/src/Illuminate/Foundation/Http/Kernel.php(117): Illuminate\Foundation\Http\Kernel->sendRequestThroughRouter(Object(Illuminate\Http\Request))
#56 /mnt/sda6/laravel/shopping/public/index.php(51): Illuminate\Foundation\Http\Kernel->handle(Object(Illuminate\Http\Request))
#57 /mnt/sda6/laravel/shopping/server.php(19): require_once('/mnt/sda6/larav...')
#58 {main}

Next Illuminate\Database\QueryException: SQLSTATE[42S22]: Column not found: 1054 Unknown column 'category' in 'where clause' (SQL: select * from `blocks` where `category` = What We Do and `blocks`.`deleted_at` is null order by `order` asc) in /mnt/sda6/laravel/shopping/vendor/laravel/framework/src/Illuminate/Database/Connection.php:770
Stack trace:
#0 /mnt/sda6/laravel/shopping/vendor/laravel/framework/src/Illuminate/Database/Connection.php(726): Illuminate\Database\Connection->runQueryCallback('select * from `...', Array, Object(Closure))
#1 /mnt/sda6/laravel/shopping/vendor/laravel/framework/src/Illuminate/Database/Connection.php(351): Illuminate\Database\Connection->run('select * from `...', Array, Object(Closure))
#2 /mnt/sda6/laravel/shopping/vendor/laravel/framework/src/Illuminate/Database/Query/Builder.php(1648): Illuminate\Database\Connection->select('select * from `...', Array, true)
#3 /mnt/sda6/laravel/shopping/vendor/laravel/framework/src/Illuminate/Database/Query/Builder.php(1634): Illuminate\Database\Query\Builder->runSelect()
#4 /mnt/sda6/laravel/shopping/vendor/laravel/framework/src/Illuminate/Database/Eloquent/Builder.php(638): Illuminate\Database\Query\Builder->get(Array)
#5 /mnt/sda6/laravel/shopping/vendor/laravel/framework/src/Illuminate/Database/Eloquent/Builder.php(327): Illuminate\Database\Eloquent\Builder->getModels(Array)
#6 /mnt/sda6/laravel/shopping/vendor/lavalite/framework/src/Litepie/Repository/Eloquent/BaseRepository.php(237): Illuminate\Database\Eloquent\Builder->get(Array)
#7 /mnt/sda6/laravel/shopping/packages/Block/Block.php(46): Litepie\Repository\Eloquent\BaseRepository->all()
#8 /mnt/sda6/laravel/shopping/vendor/laravel/framework/src/Illuminate/Support/Facades/Facade.php(237): Litepie\Block\Block->get()
#9 /mnt/sda6/laravel/shopping/storage/framework/views/0b20d614818fafc09e6dd41959913843225a3f73.php(20): Illuminate\Support\Facades\Facade::__callStatic('get', Array)
#10 /mnt/sda6/laravel/shopping/vendor/laravel/framework/src/Illuminate/View/Engines/PhpEngine.php(42): include('/mnt/sda6/larav...')
#11 /mnt/sda6/laravel/shopping/vendor/laravel/framework/src/Illuminate/View/Engines/CompilerEngine.php(59): Illuminate\View\Engines\PhpEngine->evaluatePath('/mnt/sda6/larav...', Array)
#12 /mnt/sda6/laravel/shopping/vendor/laravel/framework/src/Illuminate/View/View.php(149): Illuminate\View\Engines\CompilerEngine->get('/mnt/sda6/larav...', Array)
#13 /mnt/sda6/laravel/shopping/vendor/laravel/framework/src/Illuminate/View/View.php(120): Illuminate\View\View->getContents()
#14 /mnt/sda6/laravel/shopping/vendor/laravel/framework/src/Illuminate/View/View.php(85): Illuminate\View\View->renderContents()
#15 /mnt/sda6/laravel/shopping/vendor/lavalite/framework/src/Litepie/Theme/Theme.php(950): Illuminate\View\View->render()
#16 /mnt/sda6/laravel/shopping/vendor/lavalite/framework/src/Litepie/Page/Http/Controllers/PagePublicController.php(48): Litepie\Theme\Theme->of('page::public.pa...', Array)
#17 [internal function]: Litepie\Page\Http\Controllers\PagePublicController->getPage('about-us')
#18 /mnt/sda6/laravel/shopping/vendor/laravel/framework/src/Illuminate/Routing/Controller.php(55): call_user_func_array(Array, Array)
#19 /mnt/sda6/laravel/shopping/vendor/laravel/framework/src/Illuminate/Routing/ControllerDispatcher.php(44): Illuminate\Routing\Controller->callAction('getPage', Array)
#20 /mnt/sda6/laravel/shopping/vendor/laravel/framework/src/Illuminate/Routing/Route.php(189): Illuminate\Routing\ControllerDispatcher->dispatch(Object(Illuminate\Routing\Route), Object(Litepie\Page\Http\Controllers\PagePublicController), 'getPage')
#21 /mnt/sda6/laravel/shopping/vendor/laravel/framework/src/Illuminate/Routing/Route.php(144): Illuminate\Routing\Route->runController()
#22 /mnt/sda6/laravel/shopping/vendor/laravel/framework/src/Illuminate/Routing/Router.php(653): Illuminate\Routing\Route->run(Object(Illuminate\Http\Request))
#23 /mnt/sda6/laravel/shopping/vendor/laravel/framework/src/Illuminate/Routing/Pipeline.php(53): Illuminate\Routing\Router->Illuminate\Routing\{closure}(Object(Illuminate\Http\Request))
#24 /mnt/sda6/laravel/shopping/vendor/laravel/framework/src/Illuminate/Routing/Middleware/SubstituteBindings.php(41): Illuminate\Routing\Pipeline->Illuminate\Routing\{closure}(Object(Illuminate\Http\Request))
#25 /mnt/sda6/laravel/shopping/vendor/laravel/framework/src/Illuminate/Pipeline/Pipeline.php(137): Illuminate\Routing\Middleware\SubstituteBindings->handle(Object(Illuminate\Http\Request), Object(Closure))
#26 /mnt/sda6/laravel/shopping/vendor/laravel/framework/src/Illuminate/Routing/Pipeline.php(33): Illuminate\Pipeline\Pipeline->Illuminate\Pipeline\{closure}(Object(Illuminate\Http\Request))
#27 /mnt/sda6/laravel/shopping/vendor/laravel/framework/src/Illuminate/Foundation/Http/Middleware/VerifyCsrfToken.php(65): Illuminate\Routing\Pipeline->Illuminate\Routing\{closure}(Object(Illuminate\Http\Request))
#28 /mnt/sda6/laravel/shopping/vendor/laravel/framework/src/Illuminate/Pipeline/Pipeline.php(137): Illuminate\Foundation\Http\Middleware\VerifyCsrfToken->handle(Object(Illuminate\Http\Request), Object(Closure))
#29 /mnt/sda6/laravel/shopping/vendor/laravel/framework/src/Illuminate/Routing/Pipeline.php(33): Illuminate\Pipeline\Pipeline->Illuminate\Pipeline\{closure}(Object(Illuminate\Http\Request))
#30 /mnt/sda6/laravel/shopping/vendor/laravel/framework/src/Illuminate/View/Middleware/ShareErrorsFromSession.php(49): Illuminate\Routing\Pipeline->Illuminate\Routing\{closure}(Object(Illuminate\Http\Request))
#31 /mnt/sda6/laravel/shopping/vendor/laravel/framework/src/Illuminate/Pipeline/Pipeline.php(137): Illuminate\View\Middleware\ShareErrorsFromSession->handle(Object(Illuminate\Http\Request), Object(Closure))
#32 /mnt/sda6/laravel/shopping/vendor/laravel/framework/src/Illuminate/Routing/Pipeline.php(33): Illuminate\Pipeline\Pipeline->Illuminate\Pipeline\{closure}(Object(Illuminate\Http\Request))
#33 /mnt/sda6/laravel/shopping/vendor/laravel/framework/src/Illuminate/Session/Middleware/StartSession.php(64): Illuminate\Routing\Pipeline->Illuminate\Routing\{closure}(Object(Illuminate\Http\Request))
#34 /mnt/sda6/laravel/shopping/vendor/laravel/framework/src/Illuminate/Pipeline/Pipeline.php(137): Illuminate\Session\Middleware\StartSession->handle(Object(Illuminate\Http\Request), Object(Closure))
#35 /mnt/sda6/laravel/shopping/vendor/laravel/framework/src/Illuminate/Routing/Pipeline.php(33): Illuminate\Pipeline\Pipeline->Illuminate\Pipeline\{closure}(Object(Illuminate\Http\Request))
#36 /mnt/sda6/laravel/shopping/vendor/laravel/framework/src/Illuminate/Cookie/Middleware/AddQueuedCookiesToResponse.php(37): Illuminate\Routing\Pipeline->Illuminate\Routing\{closure}(Object(Illuminate\Http\Request))
#37 /mnt/sda6/laravel/shopping/vendor/laravel/framework/src/Illuminate/Pipeline/Pipeline.php(137): Illuminate\Cookie\Middleware\AddQueuedCookiesToResponse->handle(Object(Illuminate\Http\Request), Object(Closure))
#38 /mnt/sda6/laravel/shopping/vendor/laravel/framework/src/Illuminate/Routing/Pipeline.php(33): Illuminate\Pipeline\Pipeline->Illuminate\Pipeline\{closure}(Object(Illuminate\Http\Request))
#39 /mnt/sda6/laravel/shopping/vendor/laravel/framework/src/Illuminate/Cookie/Middleware/EncryptCookies.php(59): Illuminate\Routing\Pipeline->Illuminate\Routing\{closure}(Object(Illuminate\Http\Request))
#40 /mnt/sda6/laravel/shopping/vendor/laravel/framework/src/Illuminate/Pipeline/Pipeline.php(137): Illuminate\Cookie\Middleware\EncryptCookies->handle(Object(Illuminate\Http\Request), Object(Closure))
#41 /mnt/sda6/laravel/shopping/vendor/laravel/framework/src/Illuminate/Routing/Pipeline.php(33): Illuminate\Pipeline\Pipeline->Illuminate\Pipeline\{closure}(Object(Illuminate\Http\Request))
#42 /mnt/sda6/laravel/shopping/vendor/laravel/framework/src/Illuminate/Pipeline/Pipeline.php(104): Illuminate\Routing\Pipeline->Illuminate\Routing\{closure}(Object(Illuminate\Http\Request))
#43 /mnt/sda6/laravel/shopping/vendor/laravel/framework/src/Illuminate/Routing/Router.php(655): Illuminate\Pipeline\Pipeline->then(Object(Closure))
#44 /mnt/sda6/laravel/shopping/vendor/laravel/framework/src/Illuminate/Routing/Router.php(629): Illuminate\Routing\Router->runRouteWithinStack(Object(Illuminate\Routing\Route), Object(Illuminate\Http\Request))
#45 /mnt/sda6/laravel/shopping/vendor/laravel/framework/src/Illuminate/Routing/Router.php(607): Illuminate\Routing\Router->dispatchToRoute(Object(Illuminate\Http\Request))
#46 /mnt/sda6/laravel/shopping/vendor/laravel/framework/src/Illuminate/Foundation/Http/Kernel.php(268): Illuminate\Routing\Router->dispatch(Object(Illuminate\Http\Request))
#47 /mnt/sda6/laravel/shopping/vendor/laravel/framework/src/Illuminate/Routing/Pipeline.php(53): Illuminate\Foundation\Http\Kernel->Illuminate\Foundation\Http\{closure}(Object(Illuminate\Http\Request))
#48 /mnt/sda6/laravel/shopping/vendor/laravel/framework/src/Illuminate/Foundation/Http/Middleware/CheckForMaintenanceMode.php(46): Illuminate\Routing\Pipeline->Illuminate\Routing\{closure}(Object(Illuminate\Http\Request))
#49 /mnt/sda6/laravel/shopping/vendor/laravel/framework/src/Illuminate/Pipeline/Pipeline.php(137): Illuminate\Foundation\Http\Middleware\CheckForMaintenanceMode->handle(Object(Illuminate\Http\Request), Object(Closure))
#50 /mnt/sda6/laravel/shopping/vendor/laravel/framework/src/Illuminate/Routing/Pipeline.php(33): Illuminate\Pipeline\Pipeline->Illuminate\Pipeline\{closure}(Object(Illuminate\Http\Request))
#51 /mnt/sda6/laravel/shopping/vendor/laravel/framework/src/Illuminate/Pipeline/Pipeline.php(104): Illuminate\Routing\Pipeline->Illuminate\Routing\{closure}(Object(Illuminate\Http\Request))
#52 /mnt/sda6/laravel/shopping/vendor/laravel/framework/src/Illuminate/Foundation/Http/Kernel.php(150): Illuminate\Pipeline\Pipeline->then(Object(Closure))
#53 /mnt/sda6/laravel/shopping/vendor/laravel/framework/src/Illuminate/Foundation/Http/Kernel.php(117): Illuminate\Foundation\Http\Kernel->sendRequestThroughRouter(Object(Illuminate\Http\Request))
#54 /mnt/sda6/laravel/shopping/public/index.php(51): Illuminate\Foundation\Http\Kernel->handle(Object(Illuminate\Http\Request))
#55 /mnt/sda6/laravel/shopping/server.php(19): require_once('/mnt/sda6/larav...')
#56 {main}

Next ErrorException: SQLSTATE[42S22]: Column not found: 1054 Unknown column 'category' in 'where clause' (SQL: select * from `blocks` where `category` = What We Do and `blocks`.`deleted_at` is null order by `order` asc) (View: /mnt/sda6/laravel/shopping/resources/views/vendor/page/public/page.blade.php) in /mnt/sda6/laravel/shopping/vendor/laravel/framework/src/Illuminate/Database/Connection.php:770
Stack trace:
#0 /mnt/sda6/laravel/shopping/vendor/laravel/framework/src/Illuminate/View/Engines/PhpEngine.php(44): Illuminate\View\Engines\CompilerEngine->handleViewException(Object(Illuminate\Database\QueryException), 1)
#1 /mnt/sda6/laravel/shopping/vendor/laravel/framework/src/Illuminate/View/Engines/CompilerEngine.php(59): Illuminate\View\Engines\PhpEngine->evaluatePath('/mnt/sda6/larav...', Array)
#2 /mnt/sda6/laravel/shopping/vendor/laravel/framework/src/Illuminate/View/View.php(149): Illuminate\View\Engines\CompilerEngine->get('/mnt/sda6/larav...', Array)
#3 /mnt/sda6/laravel/shopping/vendor/laravel/framework/src/Illuminate/View/View.php(120): Illuminate\View\View->getContents()
#4 /mnt/sda6/laravel/shopping/vendor/laravel/framework/src/Illuminate/View/View.php(85): Illuminate\View\View->renderContents()
#5 /mnt/sda6/laravel/shopping/vendor/lavalite/framework/src/Litepie/Theme/Theme.php(950): Illuminate\View\View->render()
#6 /mnt/sda6/laravel/shopping/vendor/lavalite/framework/src/Litepie/Page/Http/Controllers/PagePublicController.php(48): Litepie\Theme\Theme->of('page::public.pa...', Array)
#7 [internal function]: Litepie\Page\Http\Controllers\PagePublicController->getPage('about-us')
#8 /mnt/sda6/laravel/shopping/vendor/laravel/framework/src/Illuminate/Routing/Controller.php(55): call_user_func_array(Array, Array)
#9 /mnt/sda6/laravel/shopping/vendor/laravel/framework/src/Illuminate/Routing/ControllerDispatcher.php(44): Illuminate\Routing\Controller->callAction('getPage', Array)
#10 /mnt/sda6/laravel/shopping/vendor/laravel/framework/src/Illuminate/Routing/Route.php(189): Illuminate\Routing\ControllerDispatcher->dispatch(Object(Illuminate\Routing\Route), Object(Litepie\Page\Http\Controllers\PagePublicController), 'getPage')
#11 /mnt/sda6/laravel/shopping/vendor/laravel/framework/src/Illuminate/Routing/Route.php(144): Illuminate\Routing\Route->runController()
#12 /mnt/sda6/laravel/shopping/vendor/laravel/framework/src/Illuminate/Routing/Router.php(653): Illuminate\Routing\Route->run(Object(Illuminate\Http\Request))
#13 /mnt/sda6/laravel/shopping/vendor/laravel/framework/src/Illuminate/Routing/Pipeline.php(53): Illuminate\Routing\Router->Illuminate\Routing\{closure}(Object(Illuminate\Http\Request))
#14 /mnt/sda6/laravel/shopping/vendor/laravel/framework/src/Illuminate/Routing/Middleware/SubstituteBindings.php(41): Illuminate\Routing\Pipeline->Illuminate\Routing\{closure}(Object(Illuminate\Http\Request))
#15 /mnt/sda6/laravel/shopping/vendor/laravel/framework/src/Illuminate/Pipeline/Pipeline.php(137): Illuminate\Routing\Middleware\SubstituteBindings->handle(Object(Illuminate\Http\Request), Object(Closure))
#16 /mnt/sda6/laravel/shopping/vendor/laravel/framework/src/Illuminate/Routing/Pipeline.php(33): Illuminate\Pipeline\Pipeline->Illuminate\Pipeline\{closure}(Object(Illuminate\Http\Request))
#17 /mnt/sda6/laravel/shopping/vendor/laravel/framework/src/Illuminate/Foundation/Http/Middleware/VerifyCsrfToken.php(65): Illuminate\Routing\Pipeline->Illuminate\Routing\{closure}(Object(Illuminate\Http\Request))
#18 /mnt/sda6/laravel/shopping/vendor/laravel/framework/src/Illuminate/Pipeline/Pipeline.php(137): Illuminate\Foundation\Http\Middleware\VerifyCsrfToken->handle(Object(Illuminate\Http\Request), Object(Closure))
#19 /mnt/sda6/laravel/shopping/vendor/laravel/framework/src/Illuminate/Routing/Pipeline.php(33): Illuminate\Pipeline\Pipeline->Illuminate\Pipeline\{closure}(Object(Illuminate\Http\Request))
#20 /mnt/sda6/laravel/shopping/vendor/laravel/framework/src/Illuminate/View/Middleware/ShareErrorsFromSession.php(49): Illuminate\Routing\Pipeline->Illuminate\Routing\{closure}(Object(Illuminate\Http\Request))
#21 /mnt/sda6/laravel/shopping/vendor/laravel/framework/src/Illuminate/Pipeline/Pipeline.php(137): Illuminate\View\Middleware\ShareErrorsFromSession->handle(Object(Illuminate\Http\Request), Object(Closure))
#22 /mnt/sda6/laravel/shopping/vendor/laravel/framework/src/Illuminate/Routing/Pipeline.php(33): Illuminate\Pipeline\Pipeline->Illuminate\Pipeline\{closure}(Object(Illuminate\Http\Request))
#23 /mnt/sda6/laravel/shopping/vendor/laravel/framework/src/Illuminate/Session/Middleware/StartSession.php(64): Illuminate\Routing\Pipeline->Illuminate\Routing\{closure}(Object(Illuminate\Http\Request))
#24 /mnt/sda6/laravel/shopping/vendor/laravel/framework/src/Illuminate/Pipeline/Pipeline.php(137): Illuminate\Session\Middleware\StartSession->handle(Object(Illuminate\Http\Request), Object(Closure))
#25 /mnt/sda6/laravel/shopping/vendor/laravel/framework/src/Illuminate/Routing/Pipeline.php(33): Illuminate\Pipeline\Pipeline->Illuminate\Pipeline\{closure}(Object(Illuminate\Http\Request))
#26 /mnt/sda6/laravel/shopping/vendor/laravel/framework/src/Illuminate/Cookie/Middleware/AddQueuedCookiesToResponse.php(37): Illuminate\Routing\Pipeline->Illuminate\Routing\{closure}(Object(Illuminate\Http\Request))
#27 /mnt/sda6/laravel/shopping/vendor/laravel/framework/src/Illuminate/Pipeline/Pipeline.php(137): Illuminate\Cookie\Middleware\AddQueuedCookiesToResponse->handle(Object(Illuminate\Http\Request), Object(Closure))
#28 /mnt/sda6/laravel/shopping/vendor/laravel/framework/src/Illuminate/Routing/Pipeline.php(33): Illuminate\Pipeline\Pipeline->Illuminate\Pipeline\{closure}(Object(Illuminate\Http\Request))
#29 /mnt/sda6/laravel/shopping/vendor/laravel/framework/src/Illuminate/Cookie/Middleware/EncryptCookies.php(59): Illuminate\Routing\Pipeline->Illuminate\Routing\{closure}(Object(Illuminate\Http\Request))
#30 /mnt/sda6/laravel/shopping/vendor/laravel/framework/src/Illuminate/Pipeline/Pipeline.php(137): Illuminate\Cookie\Middleware\EncryptCookies->handle(Object(Illuminate\Http\Request), Object(Closure))
#31 /mnt/sda6/laravel/shopping/vendor/laravel/framework/src/Illuminate/Routing/Pipeline.php(33): Illuminate\Pipeline\Pipeline->Illuminate\Pipeline\{closure}(Object(Illuminate\Http\Request))
#32 /mnt/sda6/laravel/shopping/vendor/laravel/framework/src/Illuminate/Pipeline/Pipeline.php(104): Illuminate\Routing\Pipeline->Illuminate\Routing\{closure}(Object(Illuminate\Http\Request))
#33 /mnt/sda6/laravel/shopping/vendor/laravel/framework/src/Illuminate/Routing/Router.php(655): Illuminate\Pipeline\Pipeline->then(Object(Closure))
#34 /mnt/sda6/laravel/shopping/vendor/laravel/framework/src/Illuminate/Routing/Router.php(629): Illuminate\Routing\Router->runRouteWithinStack(Object(Illuminate\Routing\Route), Object(Illuminate\Http\Request))
#35 /mnt/sda6/laravel/shopping/vendor/laravel/framework/src/Illuminate/Routing/Router.php(607): Illuminate\Routing\Router->dispatchToRoute(Object(Illuminate\Http\Request))
#36 /mnt/sda6/laravel/shopping/vendor/laravel/framework/src/Illuminate/Foundation/Http/Kernel.php(268): Illuminate\Routing\Router->dispatch(Object(Illuminate\Http\Request))
#37 /mnt/sda6/laravel/shopping/vendor/laravel/framework/src/Illuminate/Routing/Pipeline.php(53): Illuminate\Foundation\Http\Kernel->Illuminate\Foundation\Http\{closure}(Object(Illuminate\Http\Request))
#38 /mnt/sda6/laravel/shopping/vendor/laravel/framework/src/Illuminate/Foundation/Http/Middleware/CheckForMaintenanceMode.php(46): Illuminate\Routing\Pipeline->Illuminate\Routing\{closure}(Object(Illuminate\Http\Request))
#39 /mnt/sda6/laravel/shopping/vendor/laravel/framework/src/Illuminate/Pipeline/Pipeline.php(137): Illuminate\Foundation\Http\Middleware\CheckForMaintenanceMode->handle(Object(Illuminate\Http\Request), Object(Closure))
#40 /mnt/sda6/laravel/shopping/vendor/laravel/framework/src/Illuminate/Routing/Pipeline.php(33): Illuminate\Pipeline\Pipeline->Illuminate\Pipeline\{closure}(Object(Illuminate\Http\Request))
#41 /mnt/sda6/laravel/shopping/vendor/laravel/framework/src/Illuminate/Pipeline/Pipeline.php(104): Illuminate\Routing\Pipeline->Illuminate\Routing\{closure}(Object(Illuminate\Http\Request))
#42 /mnt/sda6/laravel/shopping/vendor/laravel/framework/src/Illuminate/Foundation/Http/Kernel.php(150): Illuminate\Pipeline\Pipeline->then(Object(Closure))
#43 /mnt/sda6/laravel/shopping/vendor/laravel/framework/src/Illuminate/Foundation/Http/Kernel.php(117): Illuminate\Foundation\Http\Kernel->sendRequestThroughRouter(Object(Illuminate\Http\Request))
#44 /mnt/sda6/laravel/shopping/public/index.php(51): Illuminate\Foundation\Http\Kernel->handle(Object(Illuminate\Http\Request))
#45 /mnt/sda6/laravel/shopping/server.php(19): require_once('/mnt/sda6/larav...')
#46 {main}  
